Performing C SOURCE FILE Test CMAKE_HAVE_LIBC_PTHREAD failed with the following output:
Change Dir: /home/jeff/github/gottingen/titan-arrow/cmake-build-debug/CMakeFiles/CMakeScratch/TryCompile-Ni6Jq0

Run Build Command(s):/snap/clion/237/bin/ninja/linux/x64/ninja cmTC_8686e && [1/2] Building C object CMakeFiles/cmTC_8686e.dir/src.c.o
[2/2] Linking C executable cmTC_8686e
FAILED: cmTC_8686e 
: && /usr/bin/cc -ggdb -O0 -rdynamic CMakeFiles/cmTC_8686e.dir/src.c.o -o cmTC_8686e   && :
/usr/bin/ld: CMakeFiles/cmTC_8686e.dir/src.c.o: in function `main':
/home/jeff/github/gottingen/titan-arrow/cmake-build-debug/CMakeFiles/CMakeScratch/TryCompile-Ni6Jq0/src.c:11: undefined reference to `pthread_create'
/usr/bin/ld: /home/jeff/github/gottingen/titan-arrow/cmake-build-debug/CMakeFiles/CMakeScratch/TryCompile-Ni6Jq0/src.c:12: undefined reference to `pthread_detach'
/usr/bin/ld: /home/jeff/github/gottingen/titan-arrow/cmake-build-debug/CMakeFiles/CMakeScratch/TryCompile-Ni6Jq0/src.c:13: undefined reference to `pthread_cancel'
/usr/bin/ld: /home/jeff/github/gottingen/titan-arrow/cmake-build-debug/CMakeFiles/CMakeScratch/TryCompile-Ni6Jq0/src.c:14: undefined reference to `pthread_join'
collect2: error: ld returned 1 exit status
ninja: build stopped: subcommand failed.


Source file was:
#include <pthread.h>

static void* test_func(void* data)
{
  return data;
}

int main(void)
{
  pthread_t thread;
  pthread_create(&thread, NULL, test_func, NULL);
  pthread_detach(thread);
  pthread_cancel(thread);
  pthread_join(thread, NULL);
  pthread_atfork(NULL, NULL, NULL);
  pthread_exit(NULL);

  return 0;
}


